<?xml version="1.0" encoding="UTF-8"?>
<!-- Generated by org.testng.reporters.JUnitReportReporter -->
<testsuite skipped="0" hostname="Mehuls-MacBook-Air.local" name="com.spotify.oauth2.tests.PlaylistTestsViaGenericMethods" tests="4" failures="0" timestamp="29 Aug 2021 15:12:28 GMT" time="35.368" errors="0">
  <testcase name="updateAPlaylist" time="6.232" classname="com.spotify.oauth2.tests.PlaylistTestsViaGenericMethods"/>
  <testcase name="shouldBeAbleToCreatePlaylist" time="6.081" classname="com.spotify.oauth2.tests.PlaylistTestsViaGenericMethods"/>
  <testcase name="getAPlaylists" time="17.411" classname="com.spotify.oauth2.tests.PlaylistTestsViaGenericMethods"/>
  <testcase name="shouldNotBeAbleToCreatePlaylist" time="5.644" classname="com.spotify.oauth2.tests.PlaylistTestsViaGenericMethods"/>
</testsuite> <!-- com.spotify.oauth2.tests.PlaylistTestsViaGenericMethods -->
