<?xml version="1.0" encoding="UTF-8"?>
<!-- Generated by org.testng.reporters.JUnitReportReporter -->
<testsuite skipped="0" hostname="Mehuls-MacBook-Air.local" name="com.spotify.oauth2.tests.PlaylistViaGenericMethodsTests" tests="4" failures="0" timestamp="30 Aug 2021 10:25:18 GMT" time="35.511" errors="0">
  <testcase name="shouldBeAbleToCreatePlaylist" time="6.127" classname="com.spotify.oauth2.tests.PlaylistViaGenericMethodsTests"/>
  <testcase name="getAPlaylists" time="17.852" classname="com.spotify.oauth2.tests.PlaylistViaGenericMethodsTests"/>
  <testcase name="shouldNotBeAbleToCreatePlaylist" time="5.802" classname="com.spotify.oauth2.tests.PlaylistViaGenericMethodsTests"/>
  <testcase name="updateAPlaylist" time="5.730" classname="com.spotify.oauth2.tests.PlaylistViaGenericMethodsTests"/>
</testsuite> <!-- com.spotify.oauth2.tests.PlaylistViaGenericMethodsTests -->
