<?xml version="1.0" encoding="UTF-8"?>
<!-- Generated by org.testng.reporters.JUnitReportReporter -->
<testsuite skipped="0" hostname="Mehuls-MacBook-Air.local" name="com.spotify.oauth2.tests.PlaylistViaPojoAndBuilderPatternAndSeperateSpecBuilderClassTests" tests="3" failures="0" timestamp="30 Aug 2021 14:27:25 GMT" time="29.450" errors="0">
  <testcase name="shouldNotBeAbleToCreatePlaylist" time="5.756" classname="com.spotify.oauth2.tests.PlaylistViaPojoAndBuilderPatternAndSeperateSpecBuilderClassTests"/>
  <testcase name="updateAPlaylist" time="5.894" classname="com.spotify.oauth2.tests.PlaylistViaPojoAndBuilderPatternAndSeperateSpecBuilderClassTests"/>
  <testcase name="shouldBeAbleToCreatePlaylist" time="17.800" classname="com.spotify.oauth2.tests.PlaylistViaPojoAndBuilderPatternAndSeperateSpecBuilderClassTests"/>
</testsuite> <!-- com.spotify.oauth2.tests.PlaylistViaPojoAndBuilderPatternAndSeperateSpecBuilderClassTests -->
