<?xml version="1.0" encoding="UTF-8"?>
<!-- Generated by org.testng.reporters.JUnitReportReporter -->
<testsuite skipped="0" hostname="Mehuls-MacBook-Air.local" name="com.spotify.oauth2.tests.PlaylistTestsViaPojo" tests="3" failures="0" timestamp="29 Aug 2021 07:49:42 GMT" time="3.629" errors="0">
  <testcase name="shouldNotBeAbleToCreatePlaylist" time="0.644" classname="com.spotify.oauth2.tests.PlaylistTestsViaPojo"/>
  <testcase name="updateAPlaylist" time="0.863" classname="com.spotify.oauth2.tests.PlaylistTestsViaPojo"/>
  <testcase name="shouldBeAbleToCreatePlaylist" time="2.122" classname="com.spotify.oauth2.tests.PlaylistTestsViaPojo"/>
</testsuite> <!-- com.spotify.oauth2.tests.PlaylistTestsViaPojo -->
