<?xml version="1.0" encoding="UTF-8"?>
<!-- Generated by org.testng.reporters.JUnitReportReporter -->
<testsuite skipped="0" hostname="Mehuls-MacBook-Air.local" name="spotify.oauth2.tests.PlaylistTests" tests="4" failures="0" timestamp="27 Aug 2021 17:31:51 GMT" time="5.357" errors="0">
  <testcase name="shouldBeAbleToCreatePlaylist" time="1.259" classname="spotify.oauth2.tests.PlaylistTests"/>
  <testcase name="updateAPlaylist" time="0.652" classname="spotify.oauth2.tests.PlaylistTests"/>
  <testcase name="shouldNotBeAbleToCreatePlaylist" time="0.612" classname="spotify.oauth2.tests.PlaylistTests"/>
  <testcase name="getAPlaylists" time="2.834" classname="spotify.oauth2.tests.PlaylistTests"/>
</testsuite> <!-- spotify.oauth2.tests.PlaylistTests -->
