<?xml version="1.0" encoding="UTF-8"?>
<!-- Generated by org.testng.reporters.JUnitReportReporter -->
<testsuite skipped="0" hostname="Mehuls-MacBook-Air.local" name="com.spotify.oauth2.tests.PlaylistTestsViaPojoAndBuilderPattern" tests="3" failures="0" timestamp="29 Aug 2021 07:52:43 GMT" time="3.793" errors="0">
  <testcase name="shouldNotBeAbleToCreatePlaylist" time="0.657" classname="com.spotify.oauth2.tests.PlaylistTestsViaPojoAndBuilderPattern"/>
  <testcase name="updateAPlaylist" time="0.859" classname="com.spotify.oauth2.tests.PlaylistTestsViaPojoAndBuilderPattern"/>
  <testcase name="shouldBeAbleToCreatePlaylist" time="2.277" classname="com.spotify.oauth2.tests.PlaylistTestsViaPojoAndBuilderPattern"/>
</testsuite> <!-- com.spotify.oauth2.tests.PlaylistTestsViaPojoAndBuilderPattern -->
