<?xml version="1.0" encoding="UTF-8"?>
<!-- Generated by org.testng.reporters.JUnitReportReporter -->
<testsuite hostname="Mehuls-MacBook-Air.local" failures="0" tests="4" name="com.spotify.oauth2.tests.PlaylistViaGenericMethodsTests" time="28.102" errors="0" timestamp="30 Aug 2021 14:31:09 GMT" skipped="0">
  <testcase classname="com.spotify.oauth2.tests.PlaylistViaGenericMethodsTests" name="shouldNotBeAbleToCreatePlaylist" time="7.080"/>
  <testcase classname="com.spotify.oauth2.tests.PlaylistViaGenericMethodsTests" name="updateAPlaylist" time="6.744"/>
  <testcase classname="com.spotify.oauth2.tests.PlaylistViaGenericMethodsTests" name="shouldBeAbleToCreatePlaylist" time="7.142"/>
  <testcase classname="com.spotify.oauth2.tests.PlaylistViaGenericMethodsTests" name="getAPlaylists" time="7.136"/>
</testsuite> <!-- com.spotify.oauth2.tests.PlaylistViaGenericMethodsTests -->
