<?xml version="1.0" encoding="UTF-8"?>
<!-- Generated by org.testng.reporters.JUnitReportReporter -->
<testsuite hostname="Mehuls-MacBook-Air.local" failures="0" tests="4" name="com.spotify.oauth2.tests.PlaylistViaGenericMethodsTests" time="28.945" errors="0" timestamp="29 Aug 2021 18:15:43 GMT" skipped="0">
  <testcase classname="com.spotify.oauth2.tests.PlaylistViaGenericMethodsTests" name="shouldNotBeAbleToCreatePlaylist" time="7.114"/>
  <testcase classname="com.spotify.oauth2.tests.PlaylistViaGenericMethodsTests" name="shouldBeAbleToCreatePlaylist" time="7.334"/>
  <testcase classname="com.spotify.oauth2.tests.PlaylistViaGenericMethodsTests" name="updateAPlaylist" time="7.272"/>
  <testcase classname="com.spotify.oauth2.tests.PlaylistViaGenericMethodsTests" name="getAPlaylists" time="7.225"/>
</testsuite> <!-- com.spotify.oauth2.tests.PlaylistViaGenericMethodsTests -->
