<?xml version="1.0" encoding="UTF-8"?>
<!-- Generated by org.testng.reporters.JUnitReportReporter -->
<testsuite hostname="Mehuls-MacBook-Air.local" failures="0" tests="3" name="com.spotify.oauth2.tests.PlaylistViaPojoTests" time="21.703" errors="0" timestamp="29 Aug 2021 18:15:43 GMT" skipped="0">
  <testcase classname="com.spotify.oauth2.tests.PlaylistViaPojoTests" name="updateAPlaylist" time="7.369"/>
  <testcase classname="com.spotify.oauth2.tests.PlaylistViaPojoTests" name="shouldNotBeAbleToCreatePlaylist" time="7.097"/>
  <testcase classname="com.spotify.oauth2.tests.PlaylistViaPojoTests" name="shouldBeAbleToCreatePlaylist" time="7.237"/>
</testsuite> <!-- com.spotify.oauth2.tests.PlaylistViaPojoTests -->
