<?xml version="1.0" encoding="UTF-8"?>
<!-- Generated by org.testng.reporters.JUnitReportReporter -->
<testsuite hostname="Mehuls-MacBook-Air.local" failures="0" tests="3" name="com.spotify.oauth2.tests.PlaylistViaPojoTests" time="2.974" errors="0" timestamp="30 Aug 2021 14:31:09 GMT" skipped="0">
  <testcase classname="com.spotify.oauth2.tests.PlaylistViaPojoTests" name="shouldNotBeAbleToCreatePlaylist" time="0.926"/>
  <testcase classname="com.spotify.oauth2.tests.PlaylistViaPojoTests" name="shouldBeAbleToCreatePlaylist" time="1.092"/>
  <testcase classname="com.spotify.oauth2.tests.PlaylistViaPojoTests" name="updateAPlaylist" time="0.956"/>
</testsuite> <!-- com.spotify.oauth2.tests.PlaylistViaPojoTests -->
